0 info it worked if it ends with ok
1 verbose cli [ '/usr/local/bin/node', '/usr/local/bin/npm', 'publish' ]
2 info using npm@2.14.3
3 info using node@v4.1.0
4 verbose publish [ '.' ]
5 silly cache add args [ '.', null ]
6 verbose cache add spec .
7 silly cache add parsed spec Result {
7 silly cache add   raw: '.',
7 silly cache add   scope: null,
7 silly cache add   name: null,
7 silly cache add   rawSpec: '.',
7 silly cache add   spec: '/Users/yigitozdemir/Projects/mymodel',
7 silly cache add   type: 'directory' }
8 verbose addLocalDirectory /Users/yigitozdemir/.npm/mymodel/0.1.1/package.tgz not in flight; packing
9 verbose tar pack [ '/Users/yigitozdemir/.npm/mymodel/0.1.1/package.tgz',
9 verbose tar pack   '/Users/yigitozdemir/Projects/mymodel' ]
10 verbose tarball /Users/yigitozdemir/.npm/mymodel/0.1.1/package.tgz
11 verbose folder /Users/yigitozdemir/Projects/mymodel
12 info prepublish mymodel@0.1.1
13 verbose addLocalTarball adding from inside cache /Users/yigitozdemir/.npm/mymodel/0.1.1/package.tgz
14 silly cache afterAdd mymodel@0.1.1
15 verbose afterAdd /Users/yigitozdemir/.npm/mymodel/0.1.1/package/package.json not in flight; writing
16 verbose afterAdd /Users/yigitozdemir/.npm/mymodel/0.1.1/package/package.json written
17 silly publish { name: 'mymodel',
17 silly publish   description: 'A MySql model structure for nodejs',
17 silly publish   version: '0.1.1',
17 silly publish   license: 'MIT',
17 silly publish   author:
17 silly publish    { name: 'Yiğit Özdemir',
17 silly publish      email: 'yigit@yigitnot.com',
17 silly publish      url: 'http://yigitnot.com/' },
17 silly publish   contributors: [],
17 silly publish   homepage: 'https://github.com/yigitozdemir/mymodel.git',
17 silly publish   repository:
17 silly publish    { type: 'git',
17 silly publish      url: 'git+https://github.com/yigitozdemir/mymodel.git' },
17 silly publish   dependencies: {},
17 silly publish   devDependencies: {},
17 silly publish   files: [ 'index.js' ],
17 silly publish   engines: { node: '>= 0.6' },
17 silly publish   scripts: {},
17 silly publish   directories: {},
17 silly publish   readme: '# MyModel is Mysql Models for NodeJs\n\n## Usage\n\n### Selection\n    var mysql = require(\'mysql\');\n    var model = new MyModel();    \n    model.extend(connection, "movies"); //mysql connection and table name\n    model.findOne("name", "id", "julien"); //which columns will be selected\n    model.where("id = 3", "OR"); //first criteria\n    model.where("name = \'slience\'"); //second criteria\n    model.execute(function(err, rows, field){\n        console.log(rows);\n    });\n\n### Insertation\n\n    var insertmodel = new MyModel();\n    insertmodel.extend(connection, "movies");\n    insertmodel.setProperty("name", "yigit"); //property with column name to insert\n    insertmodel.setProperty("password", 123456); //property with column name to insert\n    insertmodel.save();\n    insertmodel.execute(function(err, rows, fields){\n        if(!err){\n            console.log("inserted");\n        }\n    });\n\n\n\n## Running test\nRunning unit tests is easy as:\n\n    nodeunit test.js\n\n\n### TODO\n\n* Multiple Selection Feature\n* Update\n* Relations\n',
17 silly publish   readmeFilename: 'README.md',
17 silly publish   gitHead: '856d8903b240bb549ed678e5117eb304b74373cb',
17 silly publish   bugs: { url: 'https://github.com/yigitozdemir/mymodel/issues' },
17 silly publish   _id: 'mymodel@0.1.1',
17 silly publish   _shasum: '06ac257225d66b439cb645c8b6e6a250d1d371e8',
17 silly publish   _from: '.' }
18 verbose getPublishConfig undefined
19 silly mapToRegistry name mymodel
20 silly mapToRegistry using default registry
21 silly mapToRegistry registry https://registry.npmjs.org/
22 silly mapToRegistry uri https://registry.npmjs.org/mymodel
23 verbose publish registryBase https://registry.npmjs.org/
24 silly publish uploading /Users/yigitozdemir/.npm/mymodel/0.1.1/package.tgz
25 verbose request uri https://registry.npmjs.org/mymodel
26 verbose request sending authorization for write operation
27 info attempt registry request try #1 at 8:39:58 PM
28 verbose request using bearer token for auth
29 verbose request id 097aa2934f972646
30 http request PUT https://registry.npmjs.org/mymodel
31 http 403 https://registry.npmjs.org/mymodel
32 verbose headers { 'content-type': 'application/json',
32 verbose headers   'cache-control': 'max-age=60',
32 verbose headers   'content-length': '95',
32 verbose headers   'accept-ranges': 'bytes',
32 verbose headers   date: 'Fri, 25 Sep 2015 17:40:00 GMT',
32 verbose headers   via: '1.1 varnish',
32 verbose headers   connection: 'keep-alive',
32 verbose headers   'x-served-by': 'cache-ams4127-AMS',
32 verbose headers   'x-cache': 'MISS',
32 verbose headers   'x-cache-hits': '0',
32 verbose headers   'x-timer': 'S1443202799.257464,VS0,VE973' }
33 verbose request invalidating /Users/yigitozdemir/.npm/registry.npmjs.org/mymodel on PUT
34 error publish Failed PUT 403
35 verbose stack Error: "You cannot publish over the previously published version 0.1.1." : mymodel
35 verbose stack     at makeError (/usr/local/lib/node_modules/npm/node_modules/npm-registry-client/lib/request.js:263:12)
35 verbose stack     at CachingRegistryClient.<anonymous> (/usr/local/lib/node_modules/npm/node_modules/npm-registry-client/lib/request.js:251:14)
35 verbose stack     at Request._callback (/usr/local/lib/node_modules/npm/node_modules/npm-registry-client/lib/request.js:171:14)
35 verbose stack     at Request.self.callback (/usr/local/lib/node_modules/npm/node_modules/request/request.js:198:22)
35 verbose stack     at emitTwo (events.js:87:13)
35 verbose stack     at Request.emit (events.js:172:7)
35 verbose stack     at Request.<anonymous> (/usr/local/lib/node_modules/npm/node_modules/request/request.js:1073:14)
35 verbose stack     at emitOne (events.js:82:20)
35 verbose stack     at Request.emit (events.js:169:7)
35 verbose stack     at IncomingMessage.<anonymous> (/usr/local/lib/node_modules/npm/node_modules/request/request.js:1019:12)
36 verbose statusCode 403
37 verbose pkgid mymodel
38 verbose cwd /Users/yigitozdemir/Projects/mymodel
39 error Darwin 15.0.0
40 error argv "/usr/local/bin/node" "/usr/local/bin/npm" "publish"
41 error node v4.1.0
42 error npm  v2.14.3
43 error code E403
44 error "You cannot publish over the previously published version 0.1.1." : mymodel
45 error If you need help, you may report this error at:
45 error     <https://github.com/npm/npm/issues>
46 verbose exit [ 1, true ]
